<?xml version="1.0" encoding="UTF-8"?>
<!-- Generated by org.testng.reporters.JUnitXMLReporter -->
<testsuite ignored="0" hostname="BT1703071" failures="0" tests="3" name="Default test" time="37.104" errors="0" timestamp="2022-02-10T16:08:12 IST">
  <testcase classname="testClasses.TestCarWash" name="extractCarWashServices" time="25.862"/>
  <testcase classname="testClasses.TestCarWash" name="checkErrorMessage" time="5.354"/>
  <testcase classname="testClasses.TestCarWash" name="extractGymSubMenus" time="5.75"/>
</testsuite> <!-- Default test -->
